[debug] [2023-08-14T19:39:16.129Z] ----------------------------------------------------------------------
[debug] [2023-08-14T19:39:16.131Z] Command:       C:\Program Files\nodejs\node.exe C:\Users\ayush\AppData\Roaming\npm\node_modules\firebase-tools\lib\bin\firebase.js init hosting
[debug] [2023-08-14T19:39:16.131Z] CLI Version:   12.4.7
[debug] [2023-08-14T19:39:16.131Z] Platform:      win32
[debug] [2023-08-14T19:39:16.131Z] Node Version:  v18.17.0
[debug] [2023-08-14T19:39:16.133Z] Time:          Tue Aug 15 2023 01:09:16 GMT+0530 (India Standard Time)
[debug] [2023-08-14T19:39:16.133Z] ----------------------------------------------------------------------
[debug] 
[debug] [2023-08-14T19:39:16.206Z] > command requires scopes: ["email","openid","https://www.googleapis.com/auth/cloudplatformprojects.readonly","https://www.googleapis.com/auth/firebase","https://www.googleapis.com/auth/cloud-platform"]
[debug] [2023-08-14T19:39:16.206Z] > authorizing via signed-in user (ayushnamdev375@gmail.com)
[info] 
     ######## #### ########  ######## ########     ###     ######  ########
     ##        ##  ##     ## ##       ##     ##  ##   ##  ##       ##
     ######    ##  ########  ######   ########  #########  ######  ######
     ##        ##  ##    ##  ##       ##     ## ##     ##       ## ##
     ##       #### ##     ## ######## ########  ##     ##  ######  ########

You're about to initialize a Firebase project in this directory:

  D:\react projects\blog-application

Before we get started, keep in mind:

  * You are initializing within an existing Firebase project directory

[info] 
=== Project Setup
[info] 
[info] First, let's associate this project directory with a Firebase project.
[info] You can create multiple project aliases by running firebase use --add, 
[info] but for now we'll just set up a default project.
[info] 
[debug] [2023-08-14T19:39:18.982Z] Using project from CLI flag: blog-application-15b3c
[debug] [2023-08-14T19:39:18.986Z] >>> [apiv2][query] GET https://firebase.googleapis.com/v1beta1/projects/blog-application-15b3c [none]
[debug] [2023-08-14T19:39:19.849Z] <<< [apiv2][status] GET https://firebase.googleapis.com/v1beta1/projects/blog-application-15b3c 200
[debug] [2023-08-14T19:39:19.850Z] <<< [apiv2][body] GET https://firebase.googleapis.com/v1beta1/projects/blog-application-15b3c {"projectId":"blog-application-15b3c","projectNumber":"1037365425331","displayName":"blog-application","name":"projects/blog-application-15b3c","resources":{"hostingSite":"blog-application-15b3c"},"state":"ACTIVE","etag":"1_b6d5dd8f-c6a5-4a4f-9292-3d11ff4d8232"}
[info] i  Using project blog-application-15b3c (blog-application) 
[info] 
=== Hosting Setup
[info] 
[info] Your public directory is the folder (relative to your project directory) that
[info] will contain Hosting assets to be uploaded with firebase deploy. If you
[info] have a build process for your assets, use your build's output directory.
[info] 
[debug] [2023-08-14T19:39:28.946Z] >>> [apiv2][query] GET https://www.gstatic.com/firebasejs/releases.json [none]
[debug] [2023-08-14T19:39:29.259Z] <<< [apiv2][status] GET https://www.gstatic.com/firebasejs/releases.json 200
[debug] [2023-08-14T19:39:29.259Z] <<< [apiv2][body] GET https://www.gstatic.com/firebasejs/releases.json {"current":{"version":"10.1.0","browserURL":"https://www.gstatic.com/firebasejs/10.1.0/firebase.js","packageURL":"https://www.gstatic.com/firebasejs/10.1.0/firebase.tgz"},"live":{"version":"10.1","browserURL":"https://www.gstatic.com/firebasejs/live/10.1/firebase.js","packageURL":"https://www.gstatic.com/firebasejs/live/10.1/firebase.tgz"},"components":{"analytics":"https://www.gstatic.com/firebasejs/10.1.0/firebase-analytics.js","app":"https://www.gstatic.com/firebasejs/10.1.0/firebase-app.js","app-check":"https://www.gstatic.com/firebasejs/10.1.0/firebase-app-check.js","auth":"https://www.gstatic.com/firebasejs/10.1.0/firebase-auth.js","auth/cordova":"https://www.gstatic.com/firebasejs/10.1.0/firebase-auth/cordova.js","functions":"https://www.gstatic.com/firebasejs/10.1.0/firebase-functions.js","firestore":"https://www.gstatic.com/firebasejs/10.1.0/firebase-firestore.js","firestore/lite":"https://www.gstatic.com/firebasejs/10.1.0/firebase-firestore/lite.js","installations":"https://www.gstatic.com/firebasejs/10.1.0/firebase-installations.js","storage":"https://www.gstatic.com/firebasejs/10.1.0/firebase-storage.js","performance":"https://www.gstatic.com/firebasejs/10.1.0/firebase-performance.js","remote-config":"https://www.gstatic.com/firebasejs/10.1.0/firebase-remote-config.js","messaging":"https://www.gstatic.com/firebasejs/10.1.0/firebase-messaging.js","messaging/sw":"https://www.gstatic.com/firebasejs/10.1.0/firebase-messaging/sw.js","database":"https://www.gstatic.com/firebasejs/10.1.0/firebase-database.js","firestore.memory":"https://www.gstatic.com/firebasejs/10.1.0/firebase-firestore.memory.js"}}
[info] +  Wrote y/index.html 
[info] 
[info] i  Detected a .git folder at D:\react projects\blog-application 
[info] i  Authorizing with GitHub to upload your service account to a GitHub repository's secrets store. 
[info] 
[info] Visit this URL on this device to log in:
[info] https://github.com/login/oauth/authorize?client_id=89cf50f02ac6aaed3484&state=449645991&redirect_uri=http%3A%2F%2Flocalhost%3A9005&scope=read%3Auser%20repo%20public_repo
[info] 
[info] Waiting for authentication...
[debug] [2023-08-14T19:39:32.127Z] >>> [apiv2][query] POST https://github.com/login/oauth/access_token [none]
[debug] [2023-08-14T19:39:32.127Z] >>> [apiv2][body] POST https://github.com/login/oauth/access_token [stream]
[debug] [2023-08-14T19:39:32.737Z] <<< [apiv2][status] POST https://github.com/login/oauth/access_token 200
[debug] [2023-08-14T19:39:32.737Z] <<< [apiv2][body] POST https://github.com/login/oauth/access_token {"access_token":"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","token_type":"bearer","scope":"read:user,repo"}
[debug] [2023-08-14T19:39:32.744Z] >>> [apiv2][query] GET https://api.github.com/user [none]
[debug] [2023-08-14T19:39:33.456Z] <<< [apiv2][status] GET https://api.github.com/user 200
[debug] [2023-08-14T19:39:33.456Z] <<< [apiv2][body] GET https://api.github.com/user {"login":"ayushprojects","id":95707626,"node_id":"U_kgDOBbRh6g","avatar_url":"https://avatars.githubusercontent.com/u/95707626?v=4","gravatar_id":"","url":"https://api.github.com/users/ayushprojects","html_url":"https://github.com/ayushprojects","followers_url":"https://api.github.com/users/ayushprojects/followers","following_url":"https://api.github.com/users/ayushprojects/following{/other_user}","gists_url":"https://api.github.com/users/ayushprojects/gists{/gist_id}","starred_url":"https://api.github.com/users/ayushprojects/starred{/owner}{/repo}","subscriptions_url":"https://api.github.com/users/ayushprojects/subscriptions","organizations_url":"https://api.github.com/users/ayushprojects/orgs","repos_url":"https://api.github.com/users/ayushprojects/repos","events_url":"https://api.github.com/users/ayushprojects/events{/privacy}","received_events_url":"https://api.github.com/users/ayushprojects/received_events","type":"User","site_admin":false,"name":"Ayush namdev","company":null,"blog":"","location":null,"email":null,"hireable":null,"bio":null,"twitter_username":null,"public_repos":30,"public_gists":0,"followers":0,"following":2,"created_at":"2021-12-07T17:00:49Z","updated_at":"2023-08-14T19:20:00Z","private_gists":0,"total_private_repos":3,"owned_private_repos":3,"disk_usage":95243,"collaborators":0,"two_factor_authentication":false,"plan":{"name":"free","space":976562499,"collaborators":0,"private_repos":10000}}
[info] 
[info] +  Success! Logged into GitHub as ayushprojects 
[info] 
